* Tue Jun 22 04:29:07 UTC 2021
* Tue Jun 22 08:45:32 UTC 2021
* Tue Jun 22 08:50:39 UTC 2021
* Wed Jun 23 02:01:49 UTC 2021
* Wed Jun 23 02:01:57 UTC 2021
* Wed Jun 23 02:23:12 UTC 2021
* Wed Jun 23 16:14:07 UTC 2021
* Thu Jun 24 16:03:41 UTC 2021
* Fri Jun 25 16:09:51 UTC 2021
* Sat Jun 26 16:03:30 UTC 2021
* Sun Jun 27 16:03:48 UTC 2021
* Mon Jun 28 16:03:37 UTC 2021
* Tue Jun 29 16:03:53 UTC 2021
* Wed Jun 30 16:04:06 UTC 2021
* Thu Jul  1 16:03:26 UTC 2021
* Fri Jul  2 16:03:36 UTC 2021
* Sat Jul  3 16:03:52 UTC 2021
* Sun Jul  4 16:03:51 UTC 2021
* Mon Jul  5 16:03:36 UTC 2021
* Tue Jul  6 16:03:41 UTC 2021
* Wed Jul  7 16:05:38 UTC 2021
* Thu Jul  8 16:05:04 UTC 2021
* Fri Jul  9 16:03:34 UTC 2021
* Sat Jul 10 16:03:34 UTC 2021
* Sun Jul 11 16:03:25 UTC 2021
* Mon Jul 12 16:03:40 UTC 2021
* Tue Jul 13 16:03:26 UTC 2021
* Wed Jul 14 16:03:36 UTC 2021
* Thu Jul 15 16:03:46 UTC 2021
* Fri Jul 16 16:04:30 UTC 2021
* Sat Jul 17 16:03:46 UTC 2021
* Sun Jul 18 16:03:40 UTC 2021
* Mon Jul 19 16:03:23 UTC 2021
* Tue Jul 20 16:03:37 UTC 2021
* Wed Jul 21 16:03:50 UTC 2021
* Thu Jul 22 16:03:34 UTC 2021
* Fri Jul 23 16:03:31 UTC 2021
* Sat Jul 24 16:03:37 UTC 2021
* Sun Jul 25 16:03:42 UTC 2021
* Mon Jul 26 16:03:50 UTC 2021
* Tue Jul 27 16:03:54 UTC 2021
